{"/home/travis/build/npmtest/node-npmtest-node-polyglot/test.js":{"path":"/home/travis/build/npmtest/node-npmtest-node-polyglot/test.js","s":{"1":2,"2":2,"3":2,"4":2,"5":2,"6":2,"7":2,"8":1,"9":2,"10":2,"11":1,"12":1,"13":1,"14":1,"15":2,"16":2,"17":2,"18":2,"19":1,"20":1,"21":2,"22":2,"23":2,"24":1,"25":1,"26":1,"27":1,"28":1,"29":1,"30":1,"31":1,"32":1,"33":1,"34":1,"35":1,"36":1,"37":1,"38":1,"39":2,"40":2,"41":1,"42":2,"43":2,"44":1,"45":2,"46":2,"47":1,"48":2,"49":2,"50":1,"51":1,"52":1,"53":1,"54":1},"b":{"1":[2,1,1,1],"2":[1,1,1,1],"3":[1,1],"4":[1,1],"5":[1,1],"6":[1,1],"7":[1,1],"8":[1,1],"9":[1,1],"10":[1,1,1],"11":[1,1],"12":[1,1],"13":[1,1],"14":[1,1],"15":[1,1],"16":[1,1],"17":[1,1]},"f":{"1":2,"2":2,"3":2,"4":2,"5":2,"6":1,"7":1,"8":1,"9":2,"10":2,"11":2,"12":2,"13":1},"fnMap":{"1":{"name":"(anonymous_1)","line":12,"loc":{"start":{"line":12,"column":1},"end":{"line":12,"column":13}}},"2":{"name":"(anonymous_2)","line":19,"loc":{"start":{"line":19,"column":5},"end":{"line":19,"column":17}}},"3":{"name":"(anonymous_3)","line":23,"loc":{"start":{"line":23,"column":24},"end":{"line":23,"column":36}}},"4":{"name":"(anonymous_4)","line":61,"loc":{"start":{"line":61,"column":5},"end":{"line":61,"column":17}}},"5":{"name":"(anonymous_5)","line":82,"loc":{"start":{"line":82,"column":5},"end":{"line":82,"column":17}}},"6":{"name":"(anonymous_6)","line":91,"loc":{"start":{"line":91,"column":77},"end":{"line":94,"column":10}}},"7":{"name":"(anonymous_7)","line":112,"loc":{"start":{"line":112,"column":83},"end":{"line":115,"column":10}},"skip":true},"8":{"name":"(anonymous_8)","line":123,"loc":{"start":{"line":123,"column":77},"end":{"line":126,"column":10}},"skip":true},"9":{"name":"(anonymous_9)","line":139,"loc":{"start":{"line":139,"column":12},"end":{"line":139,"column":40}},"skip":true},"10":{"name":"(anonymous_10)","line":147,"loc":{"start":{"line":147,"column":77},"end":{"line":150,"column":10}},"skip":true},"11":{"name":"(anonymous_11)","line":158,"loc":{"start":{"line":158,"column":83},"end":{"line":161,"column":10}},"skip":true},"12":{"name":"(anonymous_12)","line":169,"loc":{"start":{"line":169,"column":79},"end":{"line":172,"column":10}},"skip":true},"13":{"name":"(anonymous_13)","line":180,"loc":{"start":{"line":180,"column":75},"end":{"line":183,"column":10}},"skip":true}},"statementMap":{"1":{"start":{"line":12,"column":0},"end":{"line":195,"column":5}},"2":{"start":{"line":14,"column":4},"end":{"line":14,"column":14}},"3":{"start":{"line":19,"column":4},"end":{"line":56,"column":9}},"4":{"start":{"line":21,"column":8},"end":{"line":21,"column":19}},"5":{"start":{"line":23,"column":8},"end":{"line":35,"column":13}},"6":{"start":{"line":24,"column":12},"end":{"line":34,"column":13}},"7":{"start":{"line":25,"column":16},"end":{"line":28,"column":30}},"8":{"start":{"line":30,"column":16},"end":{"line":33,"column":27}},"9":{"start":{"line":37,"column":8},"end":{"line":39,"column":21}},"10":{"start":{"line":40,"column":8},"end":{"line":53,"column":9}},"11":{"start":{"line":43,"column":12},"end":{"line":46,"column":14}},"12":{"start":{"line":47,"column":12},"end":{"line":47,"column":18}},"13":{"start":{"line":50,"column":12},"end":{"line":51,"column":33}},"14":{"start":{"line":52,"column":12},"end":{"line":52,"column":18}},"15":{"start":{"line":55,"column":8},"end":{"line":55,"column":35}},"16":{"start":{"line":61,"column":4},"end":{"line":63,"column":9}},"17":{"start":{"line":62,"column":8},"end":{"line":62,"column":15}},"18":{"start":{"line":64,"column":4},"end":{"line":77,"column":5}},"19":{"start":{"line":70,"column":8},"end":{"line":70,"column":14}},"20":{"start":{"line":76,"column":8},"end":{"line":76,"column":14}},"21":{"start":{"line":82,"column":4},"end":{"line":84,"column":9}},"22":{"start":{"line":83,"column":8},"end":{"line":83,"column":15}},"23":{"start":{"line":85,"column":4},"end":{"line":194,"column":5}},"24":{"start":{"line":91,"column":8},"end":{"line":99,"column":10}},"25":{"start":{"line":98,"column":12},"end":{"line":98,"column":35}},"26":{"start":{"line":102,"column":8},"end":{"line":104,"column":63}},"27":{"start":{"line":105,"column":8},"end":{"line":105,"column":14}},"28":{"start":{"line":112,"column":8},"end":{"line":121,"column":10},"skip":true},"29":{"start":{"line":119,"column":12},"end":{"line":119,"column":55},"skip":true},"30":{"start":{"line":120,"column":12},"end":{"line":120,"column":48},"skip":true},"31":{"start":{"line":123,"column":8},"end":{"line":136,"column":10},"skip":true},"32":{"start":{"line":130,"column":12},"end":{"line":130,"column":76},"skip":true},"33":{"start":{"line":131,"column":12},"end":{"line":131,"column":73},"skip":true},"34":{"start":{"line":132,"column":12},"end":{"line":132,"column":74},"skip":true},"35":{"start":{"line":133,"column":12},"end":{"line":133,"column":79},"skip":true},"36":{"start":{"line":134,"column":12},"end":{"line":134,"column":25},"skip":true},"37":{"start":{"line":135,"column":12},"end":{"line":135,"column":45},"skip":true},"38":{"start":{"line":138,"column":8},"end":{"line":145,"column":14},"skip":true},"39":{"start":{"line":143,"column":16},"end":{"line":143,"column":29},"skip":true},"40":{"start":{"line":144,"column":16},"end":{"line":144,"column":55},"skip":true},"41":{"start":{"line":147,"column":8},"end":{"line":156,"column":10},"skip":true},"42":{"start":{"line":154,"column":12},"end":{"line":154,"column":25},"skip":true},"43":{"start":{"line":155,"column":12},"end":{"line":155,"column":45},"skip":true},"44":{"start":{"line":158,"column":8},"end":{"line":167,"column":10},"skip":true},"45":{"start":{"line":165,"column":12},"end":{"line":165,"column":25},"skip":true},"46":{"start":{"line":166,"column":12},"end":{"line":166,"column":48},"skip":true},"47":{"start":{"line":169,"column":8},"end":{"line":178,"column":10},"skip":true},"48":{"start":{"line":176,"column":12},"end":{"line":176,"column":25},"skip":true},"49":{"start":{"line":177,"column":12},"end":{"line":177,"column":46},"skip":true},"50":{"start":{"line":180,"column":8},"end":{"line":189,"column":10},"skip":true},"51":{"start":{"line":187,"column":12},"end":{"line":187,"column":94},"skip":true},"52":{"start":{"line":188,"column":12},"end":{"line":188,"column":48},"skip":true},"53":{"start":{"line":192,"column":8},"end":{"line":192,"column":35},"skip":true},"54":{"start":{"line":193,"column":8},"end":{"line":193,"column":14},"skip":true}},"branchMap":{"1":{"line":25,"type":"binary-expr","locations":[{"start":{"line":25,"column":23},"end":{"line":25,"column":62}},{"start":{"line":26,"column":20},"end":{"line":26,"column":70}},{"start":{"line":27,"column":20},"end":{"line":27,"column":71}},{"start":{"line":28,"column":20},"end":{"line":28,"column":29}}]},"2":{"line":30,"type":"binary-expr","locations":[{"start":{"line":30,"column":23},"end":{"line":30,"column":37}},{"start":{"line":31,"column":20},"end":{"line":31,"column":61}},{"start":{"line":32,"column":20},"end":{"line":32,"column":70}},{"start":{"line":33,"column":20},"end":{"line":33,"column":26}}]},"3":{"line":37,"type":"cond-expr","locations":[{"start":{"line":38,"column":14},"end":{"line":38,"column":20}},{"start":{"line":39,"column":14},"end":{"line":39,"column":20}}]},"4":{"line":40,"type":"switch","locations":[{"start":{"line":42,"column":8},"end":{"line":47,"column":18}},{"start":{"line":49,"column":8},"end":{"line":52,"column":18}}]},"5":{"line":44,"type":"binary-expr","locations":[{"start":{"line":44,"column":16},"end":{"line":44,"column":44}},{"start":{"line":44,"column":48},"end":{"line":44,"column":66}}]},"6":{"line":50,"type":"binary-expr","locations":[{"start":{"line":50,"column":21},"end":{"line":50,"column":49}},{"start":{"line":50,"column":53},"end":{"line":50,"column":72}}]},"7":{"line":64,"type":"switch","locations":[{"start":{"line":69,"column":4},"end":{"line":70,"column":14}},{"start":{"line":75,"column":4},"end":{"line":76,"column":14}}]},"8":{"line":85,"type":"switch","locations":[{"start":{"line":90,"column":4},"end":{"line":105,"column":14}},{"start":{"line":111,"column":4},"end":{"line":193,"column":14},"skip":true}]},"9":{"line":91,"type":"binary-expr","locations":[{"start":{"line":91,"column":42},"end":{"line":91,"column":73}},{"start":{"line":91,"column":77},"end":{"line":99,"column":9}}]},"10":{"line":102,"type":"binary-expr","locations":[{"start":{"line":102,"column":18},"end":{"line":102,"column":32}},{"start":{"line":103,"column":12},"end":{"line":103,"column":53}},{"start":{"line":104,"column":12},"end":{"line":104,"column":61}}]},"11":{"line":112,"type":"binary-expr","locations":[{"start":{"line":112,"column":45},"end":{"line":112,"column":79},"skip":true},{"start":{"line":112,"column":83},"end":{"line":121,"column":9},"skip":true}]},"12":{"line":123,"type":"binary-expr","locations":[{"start":{"line":123,"column":42},"end":{"line":123,"column":73},"skip":true},{"start":{"line":123,"column":77},"end":{"line":136,"column":9},"skip":true}]},"13":{"line":138,"type":"binary-expr","locations":[{"start":{"line":138,"column":48},"end":{"line":138,"column":85},"skip":true},{"start":{"line":139,"column":12},"end":{"line":145,"column":13},"skip":true}]},"14":{"line":147,"type":"binary-expr","locations":[{"start":{"line":147,"column":42},"end":{"line":147,"column":73},"skip":true},{"start":{"line":147,"column":77},"end":{"line":156,"column":9},"skip":true}]},"15":{"line":158,"type":"binary-expr","locations":[{"start":{"line":158,"column":45},"end":{"line":158,"column":79},"skip":true},{"start":{"line":158,"column":83},"end":{"line":167,"column":9},"skip":true}]},"16":{"line":169,"type":"binary-expr","locations":[{"start":{"line":169,"column":43},"end":{"line":169,"column":75},"skip":true},{"start":{"line":169,"column":79},"end":{"line":178,"column":9},"skip":true}]},"17":{"line":180,"type":"binary-expr","locations":[{"start":{"line":180,"column":41},"end":{"line":180,"column":71},"skip":true},{"start":{"line":180,"column":75},"end":{"line":189,"column":9},"skip":true}]}},"code":["/* istanbul instrument in package npmtest_node_polyglot */","/*jslint","    bitwise: true,","    browser: true,","    maxerr: 8,","    maxlen: 96,","    node: true,","    nomen: true,","    regexp: true,","    stupid: true","*/","(function () {","    'use strict';","    var local;","","","","    // run shared js-env code - init-before","    (function () {","        // init local","        local = {};","        // init modeJs","        local.modeJs = (function () {","            try {","                return typeof navigator.userAgent === 'string' &&","                    typeof document.querySelector('body') === 'object' &&","                    typeof XMLHttpRequest.prototype.open === 'function' &&","                    'browser';","            } catch (errorCaughtBrowser) {","                return module.exports &&","                    typeof process.versions.node === 'string' &&","                    typeof require('http').createServer === 'function' &&","                    'node';","            }","        }());","        // init global","        local.global = local.modeJs === 'browser'","            ? window","            : global;","        switch (local.modeJs) {","        // re-init local from window.local","        case 'browser':","            local = local.global.utility2.objectSetDefault(","                local.global.utility2_rollup || local.global.local,","                local.global.utility2","            );","            break;","        // re-init local from example.js","        case 'node':","            local = (local.global.utility2_rollup || require('utility2'))","                .requireReadme();","            break;","        }","        // export local","        local.global.local = local;","    }());","","","","    // run shared js-env code - function","    (function () {","        return;","    }());","    switch (local.modeJs) {","","","","    // run browser js-env code - function","    case 'browser':","        break;","","","","    // run node js-env code - function","    case 'node':","        break;","    }","","","","    // run shared js-env code - init-after","    (function () {","        return;","    }());","    switch (local.modeJs) {","","","","    // run browser js-env code - init-after","    case 'browser':","        local.testCase_browser_nullCase = local.testCase_browser_nullCase || function (","            options,","            onError","        ) {","        /*","         * this function will test browsers's null-case handling-behavior-behavior","         */","            onError(null, options);","        };","","        // run tests","        local.nop(local.modeTest &&","            document.querySelector('#testRunButton1') &&","            document.querySelector('#testRunButton1').click());","        break;","","","","    // run node js-env code - init-after","    /* istanbul ignore next */","    case 'node':","        local.testCase_buildApidoc_default = local.testCase_buildApidoc_default || function (","            options,","            onError","        ) {","        /*","         * this function will test buildApidoc's default handling-behavior-behavior","         */","            options = { modulePathList: module.paths };","            local.buildApidoc(options, onError);","        };","","        local.testCase_buildApp_default = local.testCase_buildApp_default || function (","            options,","            onError","        ) {","        /*","         * this function will test buildApp's default handling-behavior-behavior","         */","            local.testCase_buildReadme_default(options, local.onErrorThrow);","            local.testCase_buildLib_default(options, local.onErrorThrow);","            local.testCase_buildTest_default(options, local.onErrorThrow);","            local.testCase_buildCustomOrg_default(options, local.onErrorThrow);","            options = [];","            local.buildApp(options, onError);","        };","","        local.testCase_buildCustomOrg_default = local.testCase_buildCustomOrg_default ||","            function (options, onError) {","            /*","             * this function will test buildCustomOrg's default handling-behavior","             */","                options = {};","                local.buildCustomOrg(options, onError);","            };","","        local.testCase_buildLib_default = local.testCase_buildLib_default || function (","            options,","            onError","        ) {","        /*","         * this function will test buildLib's default handling-behavior","         */","            options = {};","            local.buildLib(options, onError);","        };","","        local.testCase_buildReadme_default = local.testCase_buildReadme_default || function (","            options,","            onError","        ) {","        /*","         * this function will test buildReadme's default handling-behavior-behavior","         */","            options = {};","            local.buildReadme(options, onError);","        };","","        local.testCase_buildTest_default = local.testCase_buildTest_default || function (","            options,","            onError","        ) {","        /*","         * this function will test buildTest's default handling-behavior","         */","            options = {};","            local.buildTest(options, onError);","        };","","        local.testCase_webpage_default = local.testCase_webpage_default || function (","            options,","            onError","        ) {","        /*","         * this function will test webpage's default handling-behavior","         */","            options = { modeCoverageMerge: true, url: local.serverLocalHost + '?modeTest=1' };","            local.browserTest(options, onError);","        };","","        // run test-server","        local.testRunServer(local);","        break;","    }","}());",""],"l":{"12":2,"14":2,"19":2,"21":2,"23":2,"24":2,"25":2,"30":1,"37":2,"40":2,"43":1,"47":1,"50":1,"52":1,"55":2,"61":2,"62":2,"64":2,"70":1,"76":1,"82":2,"83":2,"85":2,"91":1,"98":1,"102":1,"105":1,"112":1,"119":1,"120":1,"123":1,"130":1,"131":1,"132":1,"133":1,"134":1,"135":1,"138":1,"143":2,"144":2,"147":1,"154":2,"155":2,"158":1,"165":2,"166":2,"169":1,"176":2,"177":2,"180":1,"187":1,"188":1,"192":1,"193":1}},"/home/travis/build/npmtest/node-npmtest-node-polyglot/lib.npmtest_node_polyglot.js":{"path":"/home/travis/build/npmtest/node-npmtest-node-polyglot/lib.npmtest_node_polyglot.js","s":{"1":2,"2":2,"3":2,"4":2,"5":2,"6":2,"7":2,"8":1,"9":2,"10":2,"11":2,"12":2,"13":1,"14":1,"15":1,"16":1},"b":{"1":[2,1,1,1],"2":[1,1,1,1],"3":[1,1],"4":[2,2],"5":[1,1]},"f":{"1":2,"2":2,"3":2},"fnMap":{"1":{"name":"(anonymous_1)","line":12,"loc":{"start":{"line":12,"column":1},"end":{"line":12,"column":13}}},"2":{"name":"(anonymous_2)","line":19,"loc":{"start":{"line":19,"column":5},"end":{"line":19,"column":17}}},"3":{"name":"(anonymous_3)","line":23,"loc":{"start":{"line":23,"column":24},"end":{"line":23,"column":36}}}},"statementMap":{"1":{"start":{"line":12,"column":0},"end":{"line":53,"column":5}},"2":{"start":{"line":14,"column":4},"end":{"line":14,"column":14}},"3":{"start":{"line":19,"column":4},"end":{"line":52,"column":9}},"4":{"start":{"line":21,"column":8},"end":{"line":21,"column":19}},"5":{"start":{"line":23,"column":8},"end":{"line":35,"column":13}},"6":{"start":{"line":24,"column":12},"end":{"line":34,"column":13}},"7":{"start":{"line":25,"column":16},"end":{"line":28,"column":30}},"8":{"start":{"line":30,"column":16},"end":{"line":33,"column":27}},"9":{"start":{"line":37,"column":8},"end":{"line":39,"column":21}},"10":{"start":{"line":41,"column":8},"end":{"line":41,"column":54}},"11":{"start":{"line":43,"column":8},"end":{"line":43,"column":58}},"12":{"start":{"line":45,"column":8},"end":{"line":51,"column":9}},"13":{"start":{"line":46,"column":12},"end":{"line":46,"column":64}},"14":{"start":{"line":48,"column":12},"end":{"line":48,"column":35}},"15":{"start":{"line":49,"column":12},"end":{"line":49,"column":49}},"16":{"start":{"line":50,"column":12},"end":{"line":50,"column":43}}},"branchMap":{"1":{"line":25,"type":"binary-expr","locations":[{"start":{"line":25,"column":23},"end":{"line":25,"column":62}},{"start":{"line":26,"column":20},"end":{"line":26,"column":70}},{"start":{"line":27,"column":20},"end":{"line":27,"column":71}},{"start":{"line":28,"column":20},"end":{"line":28,"column":29}}]},"2":{"line":30,"type":"binary-expr","locations":[{"start":{"line":30,"column":23},"end":{"line":30,"column":37}},{"start":{"line":31,"column":20},"end":{"line":31,"column":61}},{"start":{"line":32,"column":20},"end":{"line":32,"column":70}},{"start":{"line":33,"column":20},"end":{"line":33,"column":26}}]},"3":{"line":37,"type":"cond-expr","locations":[{"start":{"line":38,"column":14},"end":{"line":38,"column":20}},{"start":{"line":39,"column":14},"end":{"line":39,"column":20}}]},"4":{"line":41,"type":"binary-expr","locations":[{"start":{"line":41,"column":16},"end":{"line":41,"column":44}},{"start":{"line":41,"column":48},"end":{"line":41,"column":53}}]},"5":{"line":45,"type":"if","locations":[{"start":{"line":45,"column":8},"end":{"line":45,"column":8}},{"start":{"line":45,"column":8},"end":{"line":45,"column":8}}]}},"code":["/* istanbul instrument in package npmtest_node_polyglot */","/*jslint","    bitwise: true,","    browser: true,","    maxerr: 8,","    maxlen: 96,","    node: true,","    nomen: true,","    regexp: true,","    stupid: true","*/","(function () {","    'use strict';","    var local;","","","","    // run shared js-env code - init-before","    (function () {","        // init local","        local = {};","        // init modeJs","        local.modeJs = (function () {","            try {","                return typeof navigator.userAgent === 'string' &&","                    typeof document.querySelector('body') === 'object' &&","                    typeof XMLHttpRequest.prototype.open === 'function' &&","                    'browser';","            } catch (errorCaughtBrowser) {","                return module.exports &&","                    typeof process.versions.node === 'string' &&","                    typeof require('http').createServer === 'function' &&","                    'node';","            }","        }());","        // init global","        local.global = local.modeJs === 'browser'","            ? window","            : global;","        // init utility2_rollup","        local = local.global.utility2_rollup || local;","        // init lib","        local.local = local.npmtest_node_polyglot = local;","        // init exports","        if (local.modeJs === 'browser') {","            local.global.utility2_npmtest_node_polyglot = local;","        } else {","            module.exports = local;","            module.exports.__dirname = __dirname;","            module.exports.module = module;","        }","    }());","}());",""],"l":{"12":2,"14":2,"19":2,"21":2,"23":2,"24":2,"25":2,"30":1,"37":2,"41":2,"43":2,"45":2,"46":1,"48":1,"49":1,"50":1}},"/home/travis/build/npmtest/node-npmtest-node-polyglot/example.js":{"path":"/home/travis/build/npmtest/node-npmtest-node-polyglot/example.js","s":{"1":2,"2":2,"3":2,"4":2,"5":2,"6":2,"7":2,"8":1,"9":2,"10":2,"11":2,"12":2,"13":1,"14":2,"15":2,"16":2,"17":2,"18":2,"19":0,"20":2,"21":1,"22":1,"23":1,"24":1,"25":1,"26":0,"27":0,"28":1,"29":1,"30":2,"31":0,"32":0,"33":0,"34":1,"35":2,"36":2,"37":3,"38":3,"39":3,"40":3,"41":0,"42":3,"43":3,"44":3,"45":1,"46":3,"47":1,"48":1,"49":1,"50":1,"51":1,"52":1,"53":1,"54":1,"55":1,"56":1,"57":0,"58":1,"59":6,"60":6,"61":1,"62":2,"63":0,"64":2,"65":1,"66":1,"67":0,"68":0,"69":0,"70":0,"71":0,"72":0,"73":0,"74":0,"75":0,"76":0,"77":0,"78":0,"79":0,"80":0,"81":0,"82":0,"83":0},"b":{"1":[2,1,1,1],"2":[1,1,1,1],"3":[1,1],"4":[2,2],"5":[1,1],"6":[1,1],"7":[2,0],"8":[2,1,1,1,1,1],"9":[0,2,0],"10":[1,1],"11":[2,1,1],"12":[1,0],"13":[0,2],"14":[2,0,0,0,0,0,0],"15":[0,3],"16":[3,0],"17":[1,1],"18":[0,1],"19":[1,2,0,2],"20":[1,0],"21":[1,1],"22":[0,0],"23":[0,0],"24":[0,0],"25":[0,0],"26":[0,0],"27":[0,0],"28":[0,0]},"f":{"1":2,"2":2,"3":2,"4":2,"5":2,"6":2,"7":3,"8":3,"9":3,"10":1,"11":6,"12":0},"fnMap":{"1":{"name":"(anonymous_1)","line":26,"loc":{"start":{"line":26,"column":1},"end":{"line":26,"column":13}}},"2":{"name":"(anonymous_2)","line":33,"loc":{"start":{"line":33,"column":5},"end":{"line":33,"column":17}}},"3":{"name":"(anonymous_3)","line":37,"loc":{"start":{"line":37,"column":24},"end":{"line":37,"column":36}}},"4":{"name":"(anonymous_4)","line":69,"loc":{"start":{"line":69,"column":31},"end":{"line":69,"column":48}},"skip":true},"5":{"name":"(anonymous_5)","line":78,"loc":{"start":{"line":78,"column":26},"end":{"line":78,"column":45}},"skip":true},"6":{"name":"(anonymous_6)","line":123,"loc":{"start":{"line":123,"column":33},"end":{"line":123,"column":48}},"skip":true},"7":{"name":"(anonymous_7)","line":125,"loc":{"start":{"line":125,"column":27},"end":{"line":125,"column":39}},"skip":true},"8":{"name":"(anonymous_8)","line":133,"loc":{"start":{"line":133,"column":59},"end":{"line":133,"column":74}},"skip":true},"9":{"name":"(anonymous_9)","line":143,"loc":{"start":{"line":143,"column":45},"end":{"line":143,"column":62}},"skip":true},"10":{"name":"(anonymous_10)","line":144,"loc":{"start":{"line":144,"column":73},"end":{"line":144,"column":92}},"skip":true},"11":{"name":"(anonymous_11)","line":272,"loc":{"start":{"line":272,"column":51},"end":{"line":272,"column":77}},"skip":true},"12":{"name":"(anonymous_12)","line":315,"loc":{"start":{"line":315,"column":32},"end":{"line":315,"column":61}},"skip":true}},"statementMap":{"1":{"start":{"line":26,"column":0},"end":{"line":326,"column":5}},"2":{"start":{"line":28,"column":4},"end":{"line":28,"column":14}},"3":{"start":{"line":33,"column":4},"end":{"line":60,"column":9}},"4":{"start":{"line":35,"column":8},"end":{"line":35,"column":19}},"5":{"start":{"line":37,"column":8},"end":{"line":49,"column":13}},"6":{"start":{"line":38,"column":12},"end":{"line":48,"column":13}},"7":{"start":{"line":39,"column":16},"end":{"line":42,"column":30}},"8":{"start":{"line":44,"column":16},"end":{"line":47,"column":27}},"9":{"start":{"line":51,"column":8},"end":{"line":53,"column":21}},"10":{"start":{"line":55,"column":8},"end":{"line":57,"column":45}},"11":{"start":{"line":59,"column":8},"end":{"line":59,"column":35}},"12":{"start":{"line":61,"column":4},"end":{"line":325,"column":5}},"13":{"start":{"line":69,"column":8},"end":{"line":121,"column":10},"skip":true},"14":{"start":{"line":70,"column":12},"end":{"line":88,"column":13},"skip":true},"15":{"start":{"line":76,"column":16},"end":{"line":87,"column":19},"skip":true},"16":{"start":{"line":79,"column":20},"end":{"line":86,"column":21},"skip":true},"17":{"start":{"line":82,"column":24},"end":{"line":82,"column":43},"skip":true},"18":{"start":{"line":83,"column":24},"end":{"line":83,"column":30},"skip":true},"19":{"start":{"line":85,"column":24},"end":{"line":85,"column":49},"skip":true},"20":{"start":{"line":89,"column":12},"end":{"line":107,"column":13},"skip":true},"21":{"start":{"line":92,"column":16},"end":{"line":102,"column":17},"skip":true},"22":{"start":{"line":93,"column":20},"end":{"line":93,"column":86},"skip":true},"23":{"start":{"line":94,"column":20},"end":{"line":95,"column":45},"skip":true},"24":{"start":{"line":96,"column":20},"end":{"line":96,"column":42},"skip":true},"25":{"start":{"line":97,"column":20},"end":{"line":97,"column":48},"skip":true},"26":{"start":{"line":100,"column":20},"end":{"line":100,"column":85},"skip":true},"27":{"start":{"line":101,"column":20},"end":{"line":101,"column":96},"skip":true},"28":{"start":{"line":103,"column":16},"end":{"line":103,"column":22},"skip":true},"29":{"start":{"line":106,"column":16},"end":{"line":106,"column":22},"skip":true},"30":{"start":{"line":108,"column":12},"end":{"line":120,"column":13},"skip":true},"31":{"start":{"line":114,"column":16},"end":{"line":119,"column":17},"skip":true},"32":{"start":{"line":116,"column":20},"end":{"line":116,"column":78},"skip":true},"33":{"start":{"line":118,"column":20},"end":{"line":118,"column":47},"skip":true},"34":{"start":{"line":123,"column":8},"end":{"line":141,"column":11},"skip":true},"35":{"start":{"line":124,"column":12},"end":{"line":124,"column":54},"skip":true},"36":{"start":{"line":125,"column":12},"end":{"line":140,"column":14},"skip":true},"37":{"start":{"line":126,"column":16},"end":{"line":126,"column":28},"skip":true},"38":{"start":{"line":127,"column":16},"end":{"line":127,"column":69},"skip":true},"39":{"start":{"line":128,"column":16},"end":{"line":128,"column":75},"skip":true},"40":{"start":{"line":129,"column":16},"end":{"line":131,"column":17},"skip":true},"41":{"start":{"line":130,"column":20},"end":{"line":130,"column":27},"skip":true},"42":{"start":{"line":133,"column":16},"end":{"line":137,"column":36},"skip":true},"43":{"start":{"line":134,"column":20},"end":{"line":136,"column":55},"skip":true},"44":{"start":{"line":139,"column":16},"end":{"line":139,"column":57},"skip":true},"45":{"start":{"line":143,"column":8},"end":{"line":147,"column":11},"skip":true},"46":{"start":{"line":144,"column":12},"end":{"line":146,"column":15},"skip":true},"47":{"start":{"line":145,"column":16},"end":{"line":145,"column":70},"skip":true},"48":{"start":{"line":149,"column":8},"end":{"line":149,"column":31},"skip":true},"49":{"start":{"line":150,"column":8},"end":{"line":150,"column":14},"skip":true},"50":{"start":{"line":158,"column":8},"end":{"line":158,"column":31},"skip":true},"51":{"start":{"line":160,"column":8},"end":{"line":160,"column":33},"skip":true},"52":{"start":{"line":161,"column":8},"end":{"line":161,"column":37},"skip":true},"53":{"start":{"line":162,"column":8},"end":{"line":162,"column":35},"skip":true},"54":{"start":{"line":164,"column":8},"end":{"line":164,"column":50},"skip":true},"55":{"start":{"line":166,"column":8},"end":{"line":256,"column":2},"skip":true},"56":{"start":{"line":258,"column":8},"end":{"line":286,"column":9},"skip":true},"57":{"start":{"line":259,"column":12},"end":{"line":269,"column":14},"skip":true},"58":{"start":{"line":271,"column":12},"end":{"line":285,"column":19},"skip":true},"59":{"start":{"line":274,"column":20},"end":{"line":274,"column":35},"skip":true},"60":{"start":{"line":275,"column":20},"end":{"line":284,"column":21},"skip":true},"61":{"start":{"line":277,"column":24},"end":{"line":277,"column":64},"skip":true},"62":{"start":{"line":279,"column":24},"end":{"line":279,"column":40},"skip":true},"63":{"start":{"line":281,"column":24},"end":{"line":281,"column":40},"skip":true},"64":{"start":{"line":283,"column":24},"end":{"line":283,"column":39},"skip":true},"65":{"start":{"line":288,"column":8},"end":{"line":290,"column":9},"skip":true},"66":{"start":{"line":289,"column":12},"end":{"line":289,"column":18},"skip":true},"67":{"start":{"line":291,"column":8},"end":{"line":293,"column":54},"skip":true},"68":{"start":{"line":296,"column":8},"end":{"line":301,"column":37},"skip":true},"69":{"start":{"line":303,"column":8},"end":{"line":303,"column":82},"skip":true},"70":{"start":{"line":306,"column":8},"end":{"line":308,"column":9},"skip":true},"71":{"start":{"line":307,"column":12},"end":{"line":307,"column":82},"skip":true},"72":{"start":{"line":310,"column":8},"end":{"line":312,"column":9},"skip":true},"73":{"start":{"line":311,"column":12},"end":{"line":311,"column":18},"skip":true},"74":{"start":{"line":313,"column":8},"end":{"line":313,"column":54},"skip":true},"75":{"start":{"line":314,"column":8},"end":{"line":314,"column":69},"skip":true},"76":{"start":{"line":315,"column":8},"end":{"line":323,"column":36},"skip":true},"77":{"start":{"line":316,"column":12},"end":{"line":316,"column":61},"skip":true},"78":{"start":{"line":317,"column":12},"end":{"line":320,"column":13},"skip":true},"79":{"start":{"line":318,"column":16},"end":{"line":318,"column":75},"skip":true},"80":{"start":{"line":319,"column":16},"end":{"line":319,"column":23},"skip":true},"81":{"start":{"line":321,"column":12},"end":{"line":321,"column":38},"skip":true},"82":{"start":{"line":322,"column":12},"end":{"line":322,"column":27},"skip":true},"83":{"start":{"line":324,"column":8},"end":{"line":324,"column":14},"skip":true}},"branchMap":{"1":{"line":39,"type":"binary-expr","locations":[{"start":{"line":39,"column":23},"end":{"line":39,"column":62}},{"start":{"line":40,"column":20},"end":{"line":40,"column":70}},{"start":{"line":41,"column":20},"end":{"line":41,"column":71}},{"start":{"line":42,"column":20},"end":{"line":42,"column":29}}]},"2":{"line":44,"type":"binary-expr","locations":[{"start":{"line":44,"column":23},"end":{"line":44,"column":37}},{"start":{"line":45,"column":20},"end":{"line":45,"column":61}},{"start":{"line":46,"column":20},"end":{"line":46,"column":70}},{"start":{"line":47,"column":20},"end":{"line":47,"column":26}}]},"3":{"line":51,"type":"cond-expr","locations":[{"start":{"line":52,"column":14},"end":{"line":52,"column":20}},{"start":{"line":53,"column":14},"end":{"line":53,"column":20}}]},"4":{"line":55,"type":"binary-expr","locations":[{"start":{"line":55,"column":16},"end":{"line":55,"column":44}},{"start":{"line":55,"column":49},"end":{"line":57,"column":43}}]},"5":{"line":55,"type":"cond-expr","locations":[{"start":{"line":56,"column":14},"end":{"line":56,"column":57}},{"start":{"line":57,"column":14},"end":{"line":57,"column":43}}]},"6":{"line":61,"type":"switch","locations":[{"start":{"line":68,"column":4},"end":{"line":150,"column":14},"skip":true},{"start":{"line":156,"column":4},"end":{"line":324,"column":14},"skip":true}]},"7":{"line":70,"type":"if","locations":[{"start":{"line":70,"column":12},"end":{"line":70,"column":12},"skip":true},{"start":{"line":70,"column":12},"end":{"line":70,"column":12},"skip":true}]},"8":{"line":70,"type":"binary-expr","locations":[{"start":{"line":70,"column":16},"end":{"line":70,"column":22},"skip":true},{"start":{"line":70,"column":27},"end":{"line":70,"column":32},"skip":true},{"start":{"line":71,"column":20},"end":{"line":71,"column":39},"skip":true},{"start":{"line":72,"column":20},"end":{"line":72,"column":49},"skip":true},{"start":{"line":73,"column":20},"end":{"line":73,"column":58},"skip":true},{"start":{"line":74,"column":20},"end":{"line":74,"column":69},"skip":true}]},"9":{"line":79,"type":"switch","locations":[{"start":{"line":80,"column":20},"end":{"line":80,"column":33},"skip":true},{"start":{"line":81,"column":20},"end":{"line":83,"column":30},"skip":true},{"start":{"line":84,"column":20},"end":{"line":85,"column":49},"skip":true}]},"10":{"line":89,"type":"switch","locations":[{"start":{"line":90,"column":12},"end":{"line":103,"column":22},"skip":true},{"start":{"line":105,"column":12},"end":{"line":106,"column":22},"skip":true}]},"11":{"line":89,"type":"binary-expr","locations":[{"start":{"line":89,"column":20},"end":{"line":89,"column":25},"skip":true},{"start":{"line":89,"column":29},"end":{"line":89,"column":48},"skip":true},{"start":{"line":89,"column":52},"end":{"line":89,"column":74},"skip":true}]},"12":{"line":92,"type":"if","locations":[{"start":{"line":92,"column":16},"end":{"line":92,"column":16},"skip":true},{"start":{"line":92,"column":16},"end":{"line":92,"column":16},"skip":true}]},"13":{"line":108,"type":"if","locations":[{"start":{"line":108,"column":12},"end":{"line":108,"column":12},"skip":true},{"start":{"line":108,"column":12},"end":{"line":108,"column":12},"skip":true}]},"14":{"line":108,"type":"binary-expr","locations":[{"start":{"line":108,"column":16},"end":{"line":108,"column":61},"skip":true},{"start":{"line":108,"column":66},"end":{"line":108,"column":72},"skip":true},{"start":{"line":108,"column":77},"end":{"line":108,"column":82},"skip":true},{"start":{"line":109,"column":20},"end":{"line":109,"column":39},"skip":true},{"start":{"line":110,"column":20},"end":{"line":110,"column":49},"skip":true},{"start":{"line":111,"column":20},"end":{"line":111,"column":58},"skip":true},{"start":{"line":112,"column":20},"end":{"line":112,"column":68},"skip":true}]},"15":{"line":129,"type":"if","locations":[{"start":{"line":129,"column":16},"end":{"line":129,"column":16},"skip":true},{"start":{"line":129,"column":16},"end":{"line":129,"column":16},"skip":true}]},"16":{"line":134,"type":"cond-expr","locations":[{"start":{"line":135,"column":26},"end":{"line":135,"column":29},"skip":true},{"start":{"line":136,"column":26},"end":{"line":136,"column":54},"skip":true}]},"17":{"line":164,"type":"binary-expr","locations":[{"start":{"line":164,"column":27},"end":{"line":164,"column":43},"skip":true},{"start":{"line":164,"column":47},"end":{"line":164,"column":49},"skip":true}]},"18":{"line":258,"type":"if","locations":[{"start":{"line":258,"column":8},"end":{"line":258,"column":8},"skip":true},{"start":{"line":258,"column":8},"end":{"line":258,"column":8},"skip":true}]},"19":{"line":275,"type":"switch","locations":[{"start":{"line":276,"column":20},"end":{"line":277,"column":64},"skip":true},{"start":{"line":278,"column":20},"end":{"line":279,"column":40},"skip":true},{"start":{"line":280,"column":20},"end":{"line":281,"column":40},"skip":true},{"start":{"line":282,"column":20},"end":{"line":283,"column":39},"skip":true}]},"20":{"line":288,"type":"if","locations":[{"start":{"line":288,"column":8},"end":{"line":288,"column":8},"skip":true},{"start":{"line":288,"column":8},"end":{"line":288,"column":8},"skip":true}]},"21":{"line":288,"type":"binary-expr","locations":[{"start":{"line":288,"column":12},"end":{"line":288,"column":40},"skip":true},{"start":{"line":288,"column":44},"end":{"line":288,"column":67},"skip":true}]},"22":{"line":292,"type":"binary-expr","locations":[{"start":{"line":292,"column":12},"end":{"line":292,"column":50},"skip":true},{"start":{"line":293,"column":12},"end":{"line":293,"column":53},"skip":true}]},"23":{"line":297,"type":"binary-expr","locations":[{"start":{"line":297,"column":12},"end":{"line":297,"column":71},"skip":true},{"start":{"line":298,"column":12},"end":{"line":301,"column":36},"skip":true}]},"24":{"line":303,"type":"binary-expr","locations":[{"start":{"line":303,"column":43},"end":{"line":303,"column":75},"skip":true},{"start":{"line":303,"column":79},"end":{"line":303,"column":81},"skip":true}]},"25":{"line":306,"type":"if","locations":[{"start":{"line":306,"column":8},"end":{"line":306,"column":8},"skip":true},{"start":{"line":306,"column":8},"end":{"line":306,"column":8},"skip":true}]},"26":{"line":310,"type":"if","locations":[{"start":{"line":310,"column":8},"end":{"line":310,"column":8},"skip":true},{"start":{"line":310,"column":8},"end":{"line":310,"column":8},"skip":true}]},"27":{"line":313,"type":"binary-expr","locations":[{"start":{"line":313,"column":27},"end":{"line":313,"column":43},"skip":true},{"start":{"line":313,"column":47},"end":{"line":313,"column":53},"skip":true}]},"28":{"line":317,"type":"if","locations":[{"start":{"line":317,"column":12},"end":{"line":317,"column":12},"skip":true},{"start":{"line":317,"column":12},"end":{"line":317,"column":12},"skip":true}]}},"code":["/*","example.js","","quickstart example","","instruction","    1. save this script as example.js","    2. run the shell command:","        $ npm install npmtest-node-polyglot && PORT=8081 node example.js","    3. play with the browser-demo on http://127.0.0.1:8081","*/","","","","/* istanbul instrument in package npmtest_node_polyglot */","/*jslint","    bitwise: true,","    browser: true,","    maxerr: 8,","    maxlen: 96,","    node: true,","    nomen: true,","    regexp: true,","    stupid: true","*/","(function () {","    'use strict';","    var local;","","","","    // run shared js-env code - init-before","    (function () {","        // init local","        local = {};","        // init modeJs","        local.modeJs = (function () {","            try {","                return typeof navigator.userAgent === 'string' &&","                    typeof document.querySelector('body') === 'object' &&","                    typeof XMLHttpRequest.prototype.open === 'function' &&","                    'browser';","            } catch (errorCaughtBrowser) {","                return module.exports &&","                    typeof process.versions.node === 'string' &&","                    typeof require('http').createServer === 'function' &&","                    'node';","            }","        }());","        // init global","        local.global = local.modeJs === 'browser'","            ? window","            : global;","        // init utility2_rollup","        local = local.global.utility2_rollup || (local.modeJs === 'browser'","            ? local.global.utility2_npmtest_node_polyglot","            : global.utility2_moduleExports);","        // export local","        local.global.local = local;","    }());","    switch (local.modeJs) {","","","","    // init-after","    // run browser js-env code - init-after","    /* istanbul ignore next */","    case 'browser':","        local.testRunBrowser = function (event) {","            if (!event || (event &&","                    event.currentTarget &&","                    event.currentTarget.className &&","                    event.currentTarget.className.includes &&","                    event.currentTarget.className.includes('onreset'))) {","                // reset output","                Array.from(","                    document.querySelectorAll('body > .resettable')","                ).forEach(function (element) {","                    switch (element.tagName) {","                    case 'INPUT':","                    case 'TEXTAREA':","                        element.value = '';","                        break;","                    default:","                        element.textContent = '';","                    }","                });","            }","            switch (event && event.currentTarget && event.currentTarget.id) {","            case 'testRunButton1':","                // show tests","                if (document.querySelector('#testReportDiv1').style.display === 'none') {","                    document.querySelector('#testReportDiv1').style.display = 'block';","                    document.querySelector('#testRunButton1').textContent =","                        'hide internal test';","                    local.modeTest = true;","                    local.testRunDefault(local);","                // hide tests","                } else {","                    document.querySelector('#testReportDiv1').style.display = 'none';","                    document.querySelector('#testRunButton1').textContent = 'run internal test';","                }","                break;","            // custom-case","            default:","                break;","            }","            if (document.querySelector('#inputTextareaEval1') && (!event || (event &&","                    event.currentTarget &&","                    event.currentTarget.className &&","                    event.currentTarget.className.includes &&","                    event.currentTarget.className.includes('oneval')))) {","                // try to eval input-code","                try {","                    /*jslint evil: true*/","                    eval(document.querySelector('#inputTextareaEval1').value);","                } catch (errorCaught) {","                    console.error(errorCaught);","                }","            }","        };","        // log stderr and stdout to #outputTextareaStdout1","        ['error', 'log'].forEach(function (key) {","            console[key + '_original'] = console[key];","            console[key] = function () {","                var element;","                console[key + '_original'].apply(console, arguments);","                element = document.querySelector('#outputTextareaStdout1');","                if (!element) {","                    return;","                }","                // append text to #outputTextareaStdout1","                element.value += Array.from(arguments).map(function (arg) {","                    return typeof arg === 'string'","                        ? arg","                        : JSON.stringify(arg, null, 4);","                }).join(' ') + '\\n';","                // scroll textarea to bottom","                element.scrollTop = element.scrollHeight;","            };","        });","        // init event-handling","        ['change', 'click', 'keyup'].forEach(function (event) {","            Array.from(document.querySelectorAll('.on' + event)).forEach(function (element) {","                element.addEventListener(event, local.testRunBrowser);","            });","        });","        // run tests","        local.testRunBrowser();","        break;","","","","    // run node js-env code - init-after","    /* istanbul ignore next */","    case 'node':","        // export local","        module.exports = local;","        // require modules","        local.fs = require('fs');","        local.http = require('http');","        local.url = require('url');","        // init assets","        local.assetsDict = local.assetsDict || {};","        /* jslint-ignore-begin */","        local.assetsDict['/assets.index.template.html'] = '\\","<!doctype html>\\n\\","<html lang=\"en\">\\n\\","<head>\\n\\","<meta charset=\"UTF-8\">\\n\\","<meta name=\"viewport\" content=\"width=device-width, initial-scale=1\">\\n\\","<title>{{env.npm_package_name}} (v{{env.npm_package_version}})</title>\\n\\","<style>\\n\\","/*csslint\\n\\","    box-sizing: false,\\n\\","    universal-selector: false\\n\\","*/\\n\\","* {\\n\\","    box-sizing: border-box;\\n\\","}\\n\\","body {\\n\\","    background: #dde;\\n\\","    font-family: Arial, Helvetica, sans-serif;\\n\\","    margin: 2rem;\\n\\","}\\n\\","body > * {\\n\\","    margin-bottom: 1rem;\\n\\","}\\n\\",".utility2FooterDiv {\\n\\","    margin-top: 20px;\\n\\","    text-align: center;\\n\\","}\\n\\","</style>\\n\\","<style>\\n\\","/*csslint\\n\\","*/\\n\\","textarea {\\n\\","    font-family: monospace;\\n\\","    height: 10rem;\\n\\","    width: 100%;\\n\\","}\\n\\","textarea[readonly] {\\n\\","    background: #ddd;\\n\\","}\\n\\","</style>\\n\\","</head>\\n\\","<body>\\n\\","<!-- utility2-comment\\n\\","<div id=\"ajaxProgressDiv1\" style=\"background: #d00; height: 2px; left: 0; margin: 0; padding: 0; position: fixed; top: 0; transition: background 0.5s, width 1.5s; width: 25%;\"></div>\\n\\","utility2-comment -->\\n\\","<h1>\\n\\","<!-- utility2-comment\\n\\","    <a\\n\\","        {{#if env.npm_package_homepage}}\\n\\","        href=\"{{env.npm_package_homepage}}\"\\n\\","        {{/if env.npm_package_homepage}}\\n\\","        target=\"_blank\"\\n\\","    >\\n\\","utility2-comment -->\\n\\","        {{env.npm_package_name}} (v{{env.npm_package_version}})\\n\\","<!-- utility2-comment\\n\\","    </a>\\n\\","utility2-comment -->\\n\\","</h1>\\n\\","<h3>{{env.npm_package_description}}</h3>\\n\\","<!-- utility2-comment\\n\\","<h4><a download href=\"assets.app.js\">download standalone app</a></h4>\\n\\","<button class=\"onclick onreset\" id=\"testRunButton1\">run internal test</button><br>\\n\\","<div id=\"testReportDiv1\" style=\"display: none;\"></div>\\n\\","utility2-comment -->\\n\\","\\n\\","\\n\\","\\n\\","<label>stderr and stdout</label>\\n\\","<textarea class=\"resettable\" id=\"outputTextareaStdout1\" readonly></textarea>\\n\\","<!-- utility2-comment\\n\\","{{#if isRollup}}\\n\\","<script src=\"assets.app.js\"></script>\\n\\","{{#unless isRollup}}\\n\\","utility2-comment -->\\n\\","<script src=\"assets.utility2.rollup.js\"></script>\\n\\","<script src=\"jsonp.utility2._stateInit?callback=window.utility2._stateInit\"></script>\\n\\","<script src=\"assets.npmtest_node_polyglot.rollup.js\"></script>\\n\\","<script src=\"assets.example.js\"></script>\\n\\","<script src=\"assets.test.js\"></script>\\n\\","<!-- utility2-comment\\n\\","{{/if isRollup}}\\n\\","utility2-comment -->\\n\\","<div class=\"utility2FooterDiv\">\\n\\","    [ this app was created with\\n\\","    <a href=\"https://github.com/kaizhu256/node-utility2\" target=\"_blank\">utility2</a>\\n\\","    ]\\n\\","</div>\\n\\","</body>\\n\\","</html>\\n\\","';","        /* jslint-ignore-end */","        if (local.templateRender) {","            local.assetsDict['/'] = local.templateRender(","                local.assetsDict['/assets.index.template.html'],","                {","                    env: local.objectSetDefault(local.env, {","                        npm_package_description: 'the greatest app in the world!',","                        npm_package_name: 'my-app',","                        npm_package_nameAlias: 'my_app',","                        npm_package_version: '0.0.1'","                    })","                }","            );","        } else {","            local.assetsDict['/'] = local.assetsDict['/assets.index.template.html']","                .replace((/\\{\\{env\\.(\\w+?)\\}\\}/g), function (match0, match1) {","                    // jslint-hack","                    String(match0);","                    switch (match1) {","                    case 'npm_package_description':","                        return 'the greatest app in the world!';","                    case 'npm_package_name':","                        return 'my-app';","                    case 'npm_package_nameAlias':","                        return 'my_app';","                    case 'npm_package_version':","                        return '0.0.1';","                    }","                });","        }","        // run the cli","        if (local.global.utility2_rollup || module !== require.main) {","            break;","        }","        local.assetsDict['/assets.example.js'] =","            local.assetsDict['/assets.example.js'] ||","            local.fs.readFileSync(__filename, 'utf8');","        // bug-workaround - long $npm_package_buildCustomOrg","        /* jslint-ignore-begin */","        local.assetsDict['/assets.npmtest_node_polyglot.rollup.js'] =","            local.assetsDict['/assets.npmtest_node_polyglot.rollup.js'] ||","            local.fs.readFileSync(","                local.npmtest_node_polyglot.__dirname + '/lib.npmtest_node_polyglot.js',","                'utf8'","            ).replace((/^#!/), '//');","        /* jslint-ignore-end */","        local.assetsDict['/favicon.ico'] = local.assetsDict['/favicon.ico'] || '';","        // if $npm_config_timeout_exit exists,","        // then exit this process after $npm_config_timeout_exit ms","        if (Number(process.env.npm_config_timeout_exit)) {","            setTimeout(process.exit, Number(process.env.npm_config_timeout_exit));","        }","        // start server","        if (local.global.utility2_serverHttp1) {","            break;","        }","        process.env.PORT = process.env.PORT || '8081';","        console.error('server starting on port ' + process.env.PORT);","        local.http.createServer(function (request, response) {","            request.urlParsed = local.url.parse(request.url);","            if (local.assetsDict[request.urlParsed.pathname] !== undefined) {","                response.end(local.assetsDict[request.urlParsed.pathname]);","                return;","            }","            response.statusCode = 404;","            response.end();","        }).listen(process.env.PORT);","        break;","    }","}());",""],"l":{"26":2,"28":2,"33":2,"35":2,"37":2,"38":2,"39":2,"44":1,"51":2,"55":2,"59":2,"61":2,"69":1,"70":2,"76":2,"79":2,"82":2,"83":2,"85":1,"89":2,"92":1,"93":1,"94":1,"96":1,"97":1,"100":1,"101":1,"103":1,"106":1,"108":2,"114":1,"116":1,"118":1,"123":1,"124":2,"125":2,"126":3,"127":3,"128":3,"129":3,"130":1,"133":3,"134":3,"139":3,"143":1,"144":3,"145":1,"149":1,"150":1,"158":1,"160":1,"161":1,"162":1,"164":1,"166":1,"258":1,"259":1,"271":1,"274":6,"275":6,"277":1,"279":2,"281":1,"283":2,"288":1,"289":1,"291":1,"296":1,"303":1,"306":1,"307":1,"310":1,"311":1,"313":1,"314":1,"315":1,"316":1,"317":1,"318":1,"319":1,"321":1,"322":1,"324":1}},"/home/travis/build/npmtest/node-npmtest-node-polyglot/node_modules/node-polyglot/index.js":{"path":"/home/travis/build/npmtest/node-npmtest-node-polyglot/node_modules/node-polyglot/index.js","s":{"1":1,"2":1,"3":1,"4":1,"5":1,"6":0,"7":1,"8":1,"9":1,"10":1,"11":0,"12":0,"13":0,"14":0,"15":0,"16":0,"17":0,"18":0,"19":0,"20":0,"21":0,"22":0,"23":0,"24":0,"25":0,"26":0,"27":0,"28":0,"29":1,"30":1,"31":0,"32":0,"33":0,"34":0,"35":0,"36":1,"37":0,"38":0,"39":1,"40":0,"41":1,"42":1,"43":1,"44":1,"45":0,"46":0,"47":0,"48":0,"49":0,"50":0,"51":0,"52":0,"53":0,"54":0,"55":0,"56":0,"57":0,"58":0,"59":1,"60":0,"61":0,"62":0,"63":0,"64":0,"65":0,"66":0,"67":1,"68":0,"69":0,"70":0,"71":1,"72":0,"73":0,"74":0,"75":0,"76":0,"77":1,"78":0,"79":0,"80":0,"81":0,"82":0,"83":0,"84":0,"85":1,"86":0,"87":1,"88":0,"89":0,"90":1,"91":0,"92":0,"93":0,"94":0,"95":0,"96":0,"97":0,"98":0,"99":0,"100":0,"101":0,"102":0,"103":0,"104":0,"105":1,"106":0,"107":1,"108":1},"b":{"1":[0,0],"2":[0,0],"3":[0,0],"4":[0,0],"5":[0,0],"6":[0,0],"7":[0,0],"8":[0,0],"9":[0,0],"10":[0,0,0,0],"11":[0,0],"12":[0,0],"13":[0,0],"14":[0,0],"15":[0,0],"16":[0,0,0,0],"17":[0,0],"18":[0,0],"19":[0,0,0],"20":[0,0],"21":[0,0],"22":[0,0],"23":[0,0],"24":[0,0],"25":[0,0],"26":[0,0],"27":[0,0],"28":[0,0],"29":[0,0],"30":[0,0],"31":[0,0],"32":[0,0],"33":[0,0],"34":[0,0],"35":[0,0],"36":[0,0],"37":[0,0],"38":[0,0],"39":[0,0],"40":[0,0],"41":[0,0],"42":[0,0],"43":[0,0],"44":[0,0],"45":[0,0]},"f":{"1":0,"2":0,"3":0,"4":0,"5":0,"6":0,"7":0,"8":0,"9":0,"10":0,"11":0,"12":0,"13":0,"14":0,"15":0,"16":0,"17":0,"18":0,"19":0,"20":0,"21":0,"22":0,"23":0,"24":0,"25":0,"26":0},"fnMap":{"1":{"name":"warn","line":25,"loc":{"start":{"line":25,"column":11},"end":{"line":25,"column":34}}},"2":{"name":"(anonymous_2)","line":38,"loc":{"start":{"line":38,"column":10},"end":{"line":38,"column":23}}},"3":{"name":"(anonymous_3)","line":44,"loc":{"start":{"line":44,"column":11},"end":{"line":44,"column":23}}},"4":{"name":"(anonymous_4)","line":45,"loc":{"start":{"line":45,"column":10},"end":{"line":45,"column":23}}},"5":{"name":"(anonymous_5)","line":46,"loc":{"start":{"line":46,"column":10},"end":{"line":46,"column":23}}},"6":{"name":"(anonymous_6)","line":47,"loc":{"start":{"line":47,"column":11},"end":{"line":47,"column":24}}},"7":{"name":"(anonymous_7)","line":51,"loc":{"start":{"line":51,"column":9},"end":{"line":51,"column":22}}},"8":{"name":"(anonymous_8)","line":55,"loc":{"start":{"line":55,"column":10},"end":{"line":55,"column":23}}},"9":{"name":"(anonymous_9)","line":59,"loc":{"start":{"line":59,"column":13},"end":{"line":59,"column":26}}},"10":{"name":"langToTypeMap","line":74,"loc":{"start":{"line":74,"column":0},"end":{"line":74,"column":32}}},"11":{"name":"(anonymous_11)","line":76,"loc":{"start":{"line":76,"column":19},"end":{"line":76,"column":42}}},"12":{"name":"(anonymous_12)","line":77,"loc":{"start":{"line":77,"column":19},"end":{"line":77,"column":35}}},"13":{"name":"pluralTypeName","line":84,"loc":{"start":{"line":84,"column":0},"end":{"line":84,"column":32}}},"14":{"name":"pluralTypeIndex","line":91,"loc":{"start":{"line":91,"column":0},"end":{"line":91,"column":40}}},"15":{"name":"transformPhrase","line":122,"loc":{"start":{"line":122,"column":0},"end":{"line":122,"column":56}}},"16":{"name":"(anonymous_16)","line":145,"loc":{"start":{"line":145,"column":44},"end":{"line":145,"column":76}}},"17":{"name":"Polyglot","line":155,"loc":{"start":{"line":155,"column":0},"end":{"line":155,"column":27}}},"18":{"name":"(anonymous_18)","line":168,"loc":{"start":{"line":168,"column":28},"end":{"line":168,"column":49}}},"19":{"name":"(anonymous_19)","line":222,"loc":{"start":{"line":222,"column":28},"end":{"line":222,"column":59}}},"20":{"name":"(anonymous_20)","line":223,"loc":{"start":{"line":223,"column":23},"end":{"line":223,"column":46}}},"21":{"name":"(anonymous_21)","line":244,"loc":{"start":{"line":244,"column":27},"end":{"line":244,"column":58}}},"22":{"name":"(anonymous_22)","line":248,"loc":{"start":{"line":248,"column":25},"end":{"line":248,"column":48}}},"23":{"name":"(anonymous_23)","line":264,"loc":{"start":{"line":264,"column":27},"end":{"line":264,"column":39}}},"24":{"name":"(anonymous_24)","line":273,"loc":{"start":{"line":273,"column":29},"end":{"line":273,"column":51}}},"25":{"name":"(anonymous_25)","line":304,"loc":{"start":{"line":304,"column":23},"end":{"line":304,"column":47}}},"26":{"name":"(anonymous_26)","line":328,"loc":{"start":{"line":328,"column":25},"end":{"line":328,"column":40}}}},"statementMap":{"1":{"start":{"line":20,"column":0},"end":{"line":20,"column":34}},"2":{"start":{"line":21,"column":0},"end":{"line":21,"column":33}},"3":{"start":{"line":22,"column":0},"end":{"line":22,"column":25}},"4":{"start":{"line":23,"column":0},"end":{"line":23,"column":44}},"5":{"start":{"line":25,"column":0},"end":{"line":27,"column":2}},"6":{"start":{"line":26,"column":2},"end":{"line":26,"column":26}},"7":{"start":{"line":29,"column":0},"end":{"line":29,"column":39}},"8":{"start":{"line":30,"column":0},"end":{"line":30,"column":35}},"9":{"start":{"line":34,"column":0},"end":{"line":34,"column":23}},"10":{"start":{"line":37,"column":0},"end":{"line":60,"column":2}},"11":{"start":{"line":40,"column":4},"end":{"line":40,"column":28}},"12":{"start":{"line":40,"column":17},"end":{"line":40,"column":26}},"13":{"start":{"line":41,"column":4},"end":{"line":41,"column":48}},"14":{"start":{"line":41,"column":39},"end":{"line":41,"column":48}},"15":{"start":{"line":42,"column":4},"end":{"line":42,"column":33}},"16":{"start":{"line":44,"column":25},"end":{"line":44,"column":34}},"17":{"start":{"line":45,"column":25},"end":{"line":45,"column":48}},"18":{"start":{"line":46,"column":25},"end":{"line":46,"column":46}},"19":{"start":{"line":48,"column":4},"end":{"line":48,"column":53}},"20":{"start":{"line":48,"column":42},"end":{"line":48,"column":51}},"21":{"start":{"line":49,"column":4},"end":{"line":49,"column":81}},"22":{"start":{"line":52,"column":4},"end":{"line":52,"column":30}},"23":{"start":{"line":52,"column":19},"end":{"line":52,"column":28}},"24":{"start":{"line":53,"column":4},"end":{"line":53,"column":38}},"25":{"start":{"line":56,"column":4},"end":{"line":56,"column":30}},"26":{"start":{"line":56,"column":19},"end":{"line":56,"column":28}},"27":{"start":{"line":57,"column":4},"end":{"line":57,"column":81}},"28":{"start":{"line":59,"column":28},"end":{"line":59,"column":76}},"29":{"start":{"line":63,"column":0},"end":{"line":72,"column":2}},"30":{"start":{"line":74,"column":0},"end":{"line":82,"column":1}},"31":{"start":{"line":75,"column":2},"end":{"line":75,"column":15}},"32":{"start":{"line":76,"column":2},"end":{"line":80,"column":5}},"33":{"start":{"line":77,"column":4},"end":{"line":79,"column":7}},"34":{"start":{"line":78,"column":6},"end":{"line":78,"column":23}},"35":{"start":{"line":81,"column":2},"end":{"line":81,"column":13}},"36":{"start":{"line":84,"column":0},"end":{"line":89,"column":1}},"37":{"start":{"line":85,"column":2},"end":{"line":85,"column":62}},"38":{"start":{"line":86,"column":2},"end":{"line":88,"column":27}},"39":{"start":{"line":91,"column":0},"end":{"line":93,"column":1}},"40":{"start":{"line":92,"column":2},"end":{"line":92,"column":52}},"41":{"start":{"line":95,"column":0},"end":{"line":95,"column":24}},"42":{"start":{"line":96,"column":0},"end":{"line":96,"column":27}},"43":{"start":{"line":97,"column":0},"end":{"line":97,"column":31}},"44":{"start":{"line":122,"column":0},"end":{"line":152,"column":1}},"45":{"start":{"line":123,"column":2},"end":{"line":125,"column":3}},"46":{"start":{"line":124,"column":4},"end":{"line":124,"column":85}},"47":{"start":{"line":127,"column":2},"end":{"line":129,"column":3}},"48":{"start":{"line":128,"column":4},"end":{"line":128,"column":18}},"49":{"start":{"line":131,"column":2},"end":{"line":131,"column":22}},"50":{"start":{"line":134,"column":2},"end":{"line":134,"column":99}},"51":{"start":{"line":139,"column":2},"end":{"line":142,"column":3}},"52":{"start":{"line":140,"column":4},"end":{"line":140,"column":46}},"53":{"start":{"line":141,"column":4},"end":{"line":141,"column":91}},"54":{"start":{"line":145,"column":2},"end":{"line":149,"column":5}},"55":{"start":{"line":146,"column":4},"end":{"line":146,"column":84}},"56":{"start":{"line":146,"column":64},"end":{"line":146,"column":82}},"57":{"start":{"line":148,"column":4},"end":{"line":148,"column":73}},"58":{"start":{"line":151,"column":2},"end":{"line":151,"column":16}},"59":{"start":{"line":155,"column":0},"end":{"line":163,"column":1}},"60":{"start":{"line":156,"column":2},"end":{"line":156,"column":27}},"61":{"start":{"line":157,"column":2},"end":{"line":157,"column":20}},"62":{"start":{"line":158,"column":2},"end":{"line":158,"column":34}},"63":{"start":{"line":159,"column":2},"end":{"line":159,"column":43}},"64":{"start":{"line":160,"column":2},"end":{"line":160,"column":64}},"65":{"start":{"line":161,"column":2},"end":{"line":161,"column":97}},"66":{"start":{"line":162,"column":2},"end":{"line":162,"column":32}},"67":{"start":{"line":168,"column":0},"end":{"line":171,"column":2}},"68":{"start":{"line":169,"column":2},"end":{"line":169,"column":48}},"69":{"start":{"line":169,"column":17},"end":{"line":169,"column":48}},"70":{"start":{"line":170,"column":2},"end":{"line":170,"column":28}},"71":{"start":{"line":222,"column":0},"end":{"line":231,"column":2}},"72":{"start":{"line":223,"column":2},"end":{"line":230,"column":11}},"73":{"start":{"line":224,"column":4},"end":{"line":224,"column":56}},"74":{"start":{"line":225,"column":4},"end":{"line":229,"column":5}},"75":{"start":{"line":226,"column":6},"end":{"line":226,"column":39}},"76":{"start":{"line":228,"column":6},"end":{"line":228,"column":41}},"77":{"start":{"line":244,"column":0},"end":{"line":257,"column":2}},"78":{"start":{"line":245,"column":2},"end":{"line":256,"column":3}},"79":{"start":{"line":246,"column":4},"end":{"line":246,"column":37}},"80":{"start":{"line":248,"column":4},"end":{"line":255,"column":13}},"81":{"start":{"line":249,"column":6},"end":{"line":249,"column":58}},"82":{"start":{"line":250,"column":6},"end":{"line":254,"column":7}},"83":{"start":{"line":251,"column":8},"end":{"line":251,"column":40}},"84":{"start":{"line":253,"column":8},"end":{"line":253,"column":41}},"85":{"start":{"line":264,"column":0},"end":{"line":266,"column":2}},"86":{"start":{"line":265,"column":2},"end":{"line":265,"column":20}},"87":{"start":{"line":273,"column":0},"end":{"line":276,"column":2}},"88":{"start":{"line":274,"column":2},"end":{"line":274,"column":15}},"89":{"start":{"line":275,"column":2},"end":{"line":275,"column":26}},"90":{"start":{"line":304,"column":0},"end":{"line":322,"column":2}},"91":{"start":{"line":305,"column":2},"end":{"line":305,"column":21}},"92":{"start":{"line":306,"column":2},"end":{"line":306,"column":44}},"93":{"start":{"line":307,"column":2},"end":{"line":317,"column":3}},"94":{"start":{"line":308,"column":4},"end":{"line":308,"column":31}},"95":{"start":{"line":309,"column":9},"end":{"line":317,"column":3}},"96":{"start":{"line":310,"column":4},"end":{"line":310,"column":20}},"97":{"start":{"line":311,"column":9},"end":{"line":317,"column":3}},"98":{"start":{"line":312,"column":4},"end":{"line":312,"column":41}},"99":{"start":{"line":313,"column":4},"end":{"line":313,"column":57}},"100":{"start":{"line":315,"column":4},"end":{"line":315,"column":60}},"101":{"start":{"line":316,"column":4},"end":{"line":316,"column":17}},"102":{"start":{"line":318,"column":2},"end":{"line":320,"column":3}},"103":{"start":{"line":319,"column":4},"end":{"line":319,"column":63}},"104":{"start":{"line":321,"column":2},"end":{"line":321,"column":16}},"105":{"start":{"line":328,"column":0},"end":{"line":330,"column":2}},"106":{"start":{"line":329,"column":2},"end":{"line":329,"column":32}},"107":{"start":{"line":333,"column":0},"end":{"line":333,"column":43}},"108":{"start":{"line":335,"column":0},"end":{"line":335,"column":26}}},"branchMap":{"1":{"line":40,"type":"if","locations":[{"start":{"line":40,"column":4},"end":{"line":40,"column":4}},{"start":{"line":40,"column":4},"end":{"line":40,"column":4}}]},"2":{"line":41,"type":"if","locations":[{"start":{"line":41,"column":4},"end":{"line":41,"column":4}},{"start":{"line":41,"column":4},"end":{"line":41,"column":4}}]},"3":{"line":41,"type":"binary-expr","locations":[{"start":{"line":41,"column":8},"end":{"line":41,"column":20}},{"start":{"line":41,"column":24},"end":{"line":41,"column":37}}]},"4":{"line":42,"type":"cond-expr","locations":[{"start":{"line":42,"column":27},"end":{"line":42,"column":28}},{"start":{"line":42,"column":31},"end":{"line":42,"column":32}}]},"5":{"line":45,"type":"cond-expr","locations":[{"start":{"line":45,"column":42},"end":{"line":45,"column":43}},{"start":{"line":45,"column":46},"end":{"line":45,"column":47}}]},"6":{"line":46,"type":"cond-expr","locations":[{"start":{"line":46,"column":40},"end":{"line":46,"column":41}},{"start":{"line":46,"column":44},"end":{"line":46,"column":45}}]},"7":{"line":48,"type":"if","locations":[{"start":{"line":48,"column":4},"end":{"line":48,"column":4}},{"start":{"line":48,"column":4},"end":{"line":48,"column":4}}]},"8":{"line":48,"type":"binary-expr","locations":[{"start":{"line":48,"column":8},"end":{"line":48,"column":20}},{"start":{"line":48,"column":24},"end":{"line":48,"column":38}}]},"9":{"line":49,"type":"cond-expr","locations":[{"start":{"line":49,"column":75},"end":{"line":49,"column":76}},{"start":{"line":49,"column":79},"end":{"line":49,"column":80}}]},"10":{"line":49,"type":"binary-expr","locations":[{"start":{"line":49,"column":11},"end":{"line":49,"column":22}},{"start":{"line":49,"column":26},"end":{"line":49,"column":37}},{"start":{"line":49,"column":42},"end":{"line":49,"column":54}},{"start":{"line":49,"column":58},"end":{"line":49,"column":71}}]},"11":{"line":52,"type":"if","locations":[{"start":{"line":52,"column":4},"end":{"line":52,"column":4}},{"start":{"line":52,"column":4},"end":{"line":52,"column":4}}]},"12":{"line":53,"type":"cond-expr","locations":[{"start":{"line":53,"column":32},"end":{"line":53,"column":33}},{"start":{"line":53,"column":36},"end":{"line":53,"column":37}}]},"13":{"line":53,"type":"binary-expr","locations":[{"start":{"line":53,"column":12},"end":{"line":53,"column":18}},{"start":{"line":53,"column":22},"end":{"line":53,"column":28}}]},"14":{"line":56,"type":"if","locations":[{"start":{"line":56,"column":4},"end":{"line":56,"column":4}},{"start":{"line":56,"column":4},"end":{"line":56,"column":4}}]},"15":{"line":57,"type":"cond-expr","locations":[{"start":{"line":57,"column":75},"end":{"line":57,"column":76}},{"start":{"line":57,"column":79},"end":{"line":57,"column":80}}]},"16":{"line":57,"type":"binary-expr","locations":[{"start":{"line":57,"column":11},"end":{"line":57,"column":22}},{"start":{"line":57,"column":26},"end":{"line":57,"column":37}},{"start":{"line":57,"column":42},"end":{"line":57,"column":54}},{"start":{"line":57,"column":58},"end":{"line":57,"column":71}}]},"17":{"line":59,"type":"cond-expr","locations":[{"start":{"line":59,"column":70},"end":{"line":59,"column":71}},{"start":{"line":59,"column":74},"end":{"line":59,"column":75}}]},"18":{"line":59,"type":"binary-expr","locations":[{"start":{"line":59,"column":36},"end":{"line":59,"column":48}},{"start":{"line":59,"column":52},"end":{"line":59,"column":66}}]},"19":{"line":86,"type":"binary-expr","locations":[{"start":{"line":86,"column":9},"end":{"line":86,"column":33}},{"start":{"line":87,"column":7},"end":{"line":87,"column":54}},{"start":{"line":88,"column":7},"end":{"line":88,"column":26}}]},"20":{"line":123,"type":"if","locations":[{"start":{"line":123,"column":2},"end":{"line":123,"column":2}},{"start":{"line":123,"column":2},"end":{"line":123,"column":2}}]},"21":{"line":127,"type":"if","locations":[{"start":{"line":127,"column":2},"end":{"line":127,"column":2}},{"start":{"line":127,"column":2},"end":{"line":127,"column":2}}]},"22":{"line":134,"type":"cond-expr","locations":[{"start":{"line":134,"column":52},"end":{"line":134,"column":82}},{"start":{"line":134,"column":85},"end":{"line":134,"column":98}}]},"23":{"line":139,"type":"if","locations":[{"start":{"line":139,"column":2},"end":{"line":139,"column":2}},{"start":{"line":139,"column":2},"end":{"line":139,"column":2}}]},"24":{"line":139,"type":"binary-expr","locations":[{"start":{"line":139,"column":6},"end":{"line":139,"column":33}},{"start":{"line":139,"column":37},"end":{"line":139,"column":43}}]},"25":{"line":141,"type":"binary-expr","locations":[{"start":{"line":141,"column":18},"end":{"line":141,"column":77}},{"start":{"line":141,"column":81},"end":{"line":141,"column":89}}]},"26":{"line":141,"type":"binary-expr","locations":[{"start":{"line":141,"column":40},"end":{"line":141,"column":46}},{"start":{"line":141,"column":50},"end":{"line":141,"column":54}}]},"27":{"line":146,"type":"if","locations":[{"start":{"line":146,"column":4},"end":{"line":146,"column":4}},{"start":{"line":146,"column":4},"end":{"line":146,"column":4}}]},"28":{"line":146,"type":"binary-expr","locations":[{"start":{"line":146,"column":8},"end":{"line":146,"column":31}},{"start":{"line":146,"column":35},"end":{"line":146,"column":60}}]},"29":{"line":156,"type":"binary-expr","locations":[{"start":{"line":156,"column":13},"end":{"line":156,"column":20}},{"start":{"line":156,"column":24},"end":{"line":156,"column":26}}]},"30":{"line":158,"type":"binary-expr","locations":[{"start":{"line":158,"column":14},"end":{"line":158,"column":26}},{"start":{"line":158,"column":30},"end":{"line":158,"column":32}}]},"31":{"line":159,"type":"binary-expr","locations":[{"start":{"line":159,"column":23},"end":{"line":159,"column":34}},{"start":{"line":159,"column":38},"end":{"line":159,"column":42}}]},"32":{"line":160,"type":"cond-expr","locations":[{"start":{"line":160,"column":41},"end":{"line":160,"column":56}},{"start":{"line":160,"column":59},"end":{"line":160,"column":63}}]},"33":{"line":161,"type":"cond-expr","locations":[{"start":{"line":161,"column":64},"end":{"line":161,"column":81}},{"start":{"line":161,"column":84},"end":{"line":161,"column":96}}]},"34":{"line":162,"type":"binary-expr","locations":[{"start":{"line":162,"column":14},"end":{"line":162,"column":23}},{"start":{"line":162,"column":27},"end":{"line":162,"column":31}}]},"35":{"line":169,"type":"if","locations":[{"start":{"line":169,"column":2},"end":{"line":169,"column":2}},{"start":{"line":169,"column":2},"end":{"line":169,"column":2}}]},"36":{"line":224,"type":"cond-expr","locations":[{"start":{"line":224,"column":31},"end":{"line":224,"column":49}},{"start":{"line":224,"column":52},"end":{"line":224,"column":55}}]},"37":{"line":225,"type":"if","locations":[{"start":{"line":225,"column":4},"end":{"line":225,"column":4}},{"start":{"line":225,"column":4},"end":{"line":225,"column":4}}]},"38":{"line":245,"type":"if","locations":[{"start":{"line":245,"column":2},"end":{"line":245,"column":2}},{"start":{"line":245,"column":2},"end":{"line":245,"column":2}}]},"39":{"line":249,"type":"cond-expr","locations":[{"start":{"line":249,"column":33},"end":{"line":249,"column":51}},{"start":{"line":249,"column":54},"end":{"line":249,"column":57}}]},"40":{"line":250,"type":"if","locations":[{"start":{"line":250,"column":6},"end":{"line":250,"column":6}},{"start":{"line":250,"column":6},"end":{"line":250,"column":6}}]},"41":{"line":306,"type":"cond-expr","locations":[{"start":{"line":306,"column":31},"end":{"line":306,"column":33}},{"start":{"line":306,"column":36},"end":{"line":306,"column":43}}]},"42":{"line":307,"type":"if","locations":[{"start":{"line":307,"column":2},"end":{"line":307,"column":2}},{"start":{"line":307,"column":2},"end":{"line":307,"column":2}}]},"43":{"line":309,"type":"if","locations":[{"start":{"line":309,"column":9},"end":{"line":309,"column":9}},{"start":{"line":309,"column":9},"end":{"line":309,"column":9}}]},"44":{"line":311,"type":"if","locations":[{"start":{"line":311,"column":9},"end":{"line":311,"column":9}},{"start":{"line":311,"column":9},"end":{"line":311,"column":9}}]},"45":{"line":318,"type":"if","locations":[{"start":{"line":318,"column":2},"end":{"line":318,"column":2}},{"start":{"line":318,"column":2},"end":{"line":318,"column":2}}]}},"code":["//     (c) 2012-2016 Airbnb, Inc.","//","//     polyglot.js may be freely distributed under the terms of the BSD","//     license. For all licensing information, details, and documention:","//     http://airbnb.github.com/polyglot.js","//","//","// Polyglot.js is an I18n helper library written in JavaScript, made to","// work both in the browser and in Node. It provides a simple solution for","// interpolation and pluralization, based off of Airbnb's","// experience adding I18n functionality to its Backbone.js and Node apps.","//","// Polylglot is agnostic to your translation backend. It doesn't perform any","// translation; it simply gives you a way to manage translated phrases from","// your client- or server-side JavaScript application.","//","","'use strict';","","var forEach = require('for-each');","var warning = require('warning');","var has = require('has');","var trim = require('string.prototype.trim');","","var warn = function warn(message) {","  warning(false, message);","};","","var replace = String.prototype.replace;","var split = String.prototype.split;","","// #### Pluralization methods","// The string that separates the different phrase possibilities.","var delimeter = '||||';","","// Mapping from pluralization group plural logic.","var pluralTypes = {","  arabic: function (n) {","    // http://www.arabeyes.org/Plural_Forms","    if (n < 3) { return n; }","    if (n % 100 >= 3 && n % 100 <= 10) return 3;","    return n % 100 >= 11 ? 4 : 5;","  },","  chinese: function () { return 0; },","  german: function (n) { return n !== 1 ? 1 : 0; },","  french: function (n) { return n > 1 ? 1 : 0; },","  russian: function (n) {","    if (n % 10 === 1 && n % 100 !== 11) { return 0; }","    return n % 10 >= 2 && n % 10 <= 4 && (n % 100 < 10 || n % 100 >= 20) ? 1 : 2;","  },","  czech: function (n) {","    if (n === 1) { return 0; }","    return (n >= 2 && n <= 4) ? 1 : 2;","  },","  polish: function (n) {","    if (n === 1) { return 0; }","    return n % 10 >= 2 && n % 10 <= 4 && (n % 100 < 10 || n % 100 >= 20) ? 1 : 2;","  },","  icelandic: function (n) { return (n % 10 !== 1 || n % 100 === 11) ? 1 : 0; }","};","","// Mapping from pluralization group to individual locales.","var pluralTypeToLanguages = {","  arabic: ['ar'],","  chinese: ['fa', 'id', 'ja', 'ko', 'lo', 'ms', 'th', 'tr', 'zh'],","  german: ['da', 'de', 'en', 'es', 'fi', 'el', 'he', 'hu', 'it', 'nl', 'no', 'pt', 'sv'],","  french: ['fr', 'tl', 'pt-br'],","  russian: ['hr', 'ru', 'lt'],","  czech: ['cs', 'sk'],","  polish: ['pl'],","  icelandic: ['is']","};","","function langToTypeMap(mapping) {","  var ret = {};","  forEach(mapping, function (langs, type) {","    forEach(langs, function (lang) {","      ret[lang] = type;","    });","  });","  return ret;","}","","function pluralTypeName(locale) {","  var langToPluralType = langToTypeMap(pluralTypeToLanguages);","  return langToPluralType[locale]","    || langToPluralType[split.call(locale, /-/, 1)[0]]","    || langToPluralType.en;","}","","function pluralTypeIndex(locale, count) {","  return pluralTypes[pluralTypeName(locale)](count);","}","","var dollarRegex = /\\$/g;","var dollarBillsYall = '$$';","var tokenRegex = /%\\{(.*?)\\}/g;","","// ### transformPhrase(phrase, substitutions, locale)","//","// Takes a phrase string and transforms it by choosing the correct","// plural form and interpolating it.","//","//     transformPhrase('Hello, %{name}!', {name: 'Spike'});","//     // \"Hello, Spike!\"","//","// The correct plural form is selected if substitutions.smart_count","// is set. You can pass in a number instead of an Object as `substitutions`","// as a shortcut for `smart_count`.","//","//     transformPhrase('%{smart_count} new messages |||| 1 new message', {smart_count: 1}, 'en');","//     // \"1 new message\"","//","//     transformPhrase('%{smart_count} new messages |||| 1 new message', {smart_count: 2}, 'en');","//     // \"2 new messages\"","//","//     transformPhrase('%{smart_count} new messages |||| 1 new message', 5, 'en');","//     // \"5 new messages\"","//","// You should pass in a third argument, the locale, to specify the correct plural type.","// It defaults to `'en'` with 2 plural forms.","function transformPhrase(phrase, substitutions, locale) {","  if (typeof phrase !== 'string') {","    throw new TypeError('Polyglot.transformPhrase expects argument #1 to be string');","  }","","  if (substitutions == null) {","    return phrase;","  }","","  var result = phrase;","","  // allow number as a pluralization shortcut","  var options = typeof substitutions === 'number' ? { smart_count: substitutions } : substitutions;","","  // Select plural form: based on a phrase text that contains `n`","  // plural forms separated by `delimeter`, a `locale`, and a `substitutions.smart_count`,","  // choose the correct plural form. This is only done if `count` is set.","  if (options.smart_count != null && result) {","    var texts = split.call(result, delimeter);","    result = trim(texts[pluralTypeIndex(locale || 'en', options.smart_count)] || texts[0]);","  }","","  // Interpolate: Creates a `RegExp` object for each interpolation placeholder.","  result = replace.call(result, tokenRegex, function (expression, argument) {","    if (!has(options, argument) || options[argument] == null) { return expression; }","    // Ensure replacement value is escaped to prevent special $-prefixed regex replace tokens.","    return replace.call(options[argument], dollarRegex, dollarBillsYall);","  });","","  return result;","}","","// ### Polyglot class constructor","function Polyglot(options) {","  var opts = options || {};","  this.phrases = {};","  this.extend(opts.phrases || {});","  this.currentLocale = opts.locale || 'en';","  var allowMissing = opts.allowMissing ? transformPhrase : null;","  this.onMissingKey = typeof opts.onMissingKey === 'function' ? opts.onMissingKey : allowMissing;","  this.warn = opts.warn || warn;","}","","// ### polyglot.locale([locale])","//","// Get or set locale. Internally, Polyglot only uses locale for pluralization.","Polyglot.prototype.locale = function (newLocale) {","  if (newLocale) this.currentLocale = newLocale;","  return this.currentLocale;","};","","// ### polyglot.extend(phrases)","//","// Use `extend` to tell Polyglot how to translate a given key.","//","//     polyglot.extend({","//       \"hello\": \"Hello\",","//       \"hello_name\": \"Hello, %{name}\"","//     });","//","// The key can be any string.  Feel free to call `extend` multiple times;","// it will override any phrases with the same key, but leave existing phrases","// untouched.","//","// It is also possible to pass nested phrase objects, which get flattened","// into an object with the nested keys concatenated using dot notation.","//","//     polyglot.extend({","//       \"nav\": {","//         \"hello\": \"Hello\",","//         \"hello_name\": \"Hello, %{name}\",","//         \"sidebar\": {","//           \"welcome\": \"Welcome\"","//         }","//       }","//     });","//","//     console.log(polyglot.phrases);","//     // {","//     //   'nav.hello': 'Hello',","//     //   'nav.hello_name': 'Hello, %{name}',","//     //   'nav.sidebar.welcome': 'Welcome'","//     // }","//","// `extend` accepts an optional second argument, `prefix`, which can be used","// to prefix every key in the phrases object with some string, using dot","// notation.","//","//     polyglot.extend({","//       \"hello\": \"Hello\",","//       \"hello_name\": \"Hello, %{name}\"","//     }, \"nav\");","//","//     console.log(polyglot.phrases);","//     // {","//     //   'nav.hello': 'Hello',","//     //   'nav.hello_name': 'Hello, %{name}'","//     // }","//","// This feature is used internally to support nested phrase objects.","Polyglot.prototype.extend = function (morePhrases, prefix) {","  forEach(morePhrases, function (phrase, key) {","    var prefixedKey = prefix ? prefix + '.' + key : key;","    if (typeof phrase === 'object') {","      this.extend(phrase, prefixedKey);","    } else {","      this.phrases[prefixedKey] = phrase;","    }","  }, this);","};","","// ### polyglot.unset(phrases)","// Use `unset` to selectively remove keys from a polyglot instance.","//","//     polyglot.unset(\"some_key\");","//     polyglot.unset({","//       \"hello\": \"Hello\",","//       \"hello_name\": \"Hello, %{name}\"","//     });","//","// The unset method can take either a string (for the key), or an object hash with","// the keys that you would like to unset.","Polyglot.prototype.unset = function (morePhrases, prefix) {","  if (typeof morePhrases === 'string') {","    delete this.phrases[morePhrases];","  } else {","    forEach(morePhrases, function (phrase, key) {","      var prefixedKey = prefix ? prefix + '.' + key : key;","      if (typeof phrase === 'object') {","        this.unset(phrase, prefixedKey);","      } else {","        delete this.phrases[prefixedKey];","      }","    }, this);","  }","};","","// ### polyglot.clear()","//","// Clears all phrases. Useful for special cases, such as freeing","// up memory if you have lots of phrases but no longer need to","// perform any translation. Also used internally by `replace`.","Polyglot.prototype.clear = function () {","  this.phrases = {};","};","","// ### polyglot.replace(phrases)","//","// Completely replace the existing phrases with a new set of phrases.","// Normally, just use `extend` to add more phrases, but under certain","// circumstances, you may want to make sure no old phrases are lying around.","Polyglot.prototype.replace = function (newPhrases) {","  this.clear();","  this.extend(newPhrases);","};","","","// ### polyglot.t(key, options)","//","// The most-used method. Provide a key, and `t` will return the","// phrase.","//","//     polyglot.t(\"hello\");","//     => \"Hello\"","//","// The phrase value is provided first by a call to `polyglot.extend()` or","// `polyglot.replace()`.","//","// Pass in an object as the second argument to perform interpolation.","//","//     polyglot.t(\"hello_name\", {name: \"Spike\"});","//     => \"Hello, Spike\"","//","// If you like, you can provide a default value in case the phrase is missing.","// Use the special option key \"_\" to specify a default.","//","//     polyglot.t(\"i_like_to_write_in_language\", {","//       _: \"I like to write in %{language}.\",","//       language: \"JavaScript\"","//     });","//     => \"I like to write in JavaScript.\"","//","Polyglot.prototype.t = function (key, options) {","  var phrase, result;","  var opts = options == null ? {} : options;","  if (typeof this.phrases[key] === 'string') {","    phrase = this.phrases[key];","  } else if (typeof opts._ === 'string') {","    phrase = opts._;","  } else if (this.onMissingKey) {","    var onMissingKey = this.onMissingKey;","    result = onMissingKey(key, opts, this.currentLocale);","  } else {","    this.warn('Missing translation for key: \"' + key + '\"');","    result = key;","  }","  if (typeof phrase === 'string') {","    result = transformPhrase(phrase, opts, this.currentLocale);","  }","  return result;","};","","","// ### polyglot.has(key)","//","// Check if polyglot has a translation for given key","Polyglot.prototype.has = function (key) {","  return has(this.phrases, key);","};","","// export transformPhrase","Polyglot.transformPhrase = transformPhrase;","","module.exports = Polyglot;",""],"l":{"20":1,"21":1,"22":1,"23":1,"25":1,"26":0,"29":1,"30":1,"34":1,"37":1,"40":0,"41":0,"42":0,"44":0,"45":0,"46":0,"48":0,"49":0,"52":0,"53":0,"56":0,"57":0,"59":0,"63":1,"74":1,"75":0,"76":0,"77":0,"78":0,"81":0,"84":1,"85":0,"86":0,"91":1,"92":0,"95":1,"96":1,"97":1,"122":1,"123":0,"124":0,"127":0,"128":0,"131":0,"134":0,"139":0,"140":0,"141":0,"145":0,"146":0,"148":0,"151":0,"155":1,"156":0,"157":0,"158":0,"159":0,"160":0,"161":0,"162":0,"168":1,"169":0,"170":0,"222":1,"223":0,"224":0,"225":0,"226":0,"228":0,"244":1,"245":0,"246":0,"248":0,"249":0,"250":0,"251":0,"253":0,"264":1,"265":0,"273":1,"274":0,"275":0,"304":1,"305":0,"306":0,"307":0,"308":0,"309":0,"310":0,"311":0,"312":0,"313":0,"315":0,"316":0,"318":0,"319":0,"321":0,"328":1,"329":0,"333":1,"335":1}}}